{
  "RSpec": {
    "coverage": {
      "/Users/rebecca/Projects/Makers/Week_6_Databases/Bookmark/Bookmark_Manager/app.rb": {
        "lines": [
          1,
          1,
          1,
          1,
          null,
          1,
          1,
          0,
          null,
          null,
          1,
          1,
          null,
          null,
          1,
          1,
          1,
          null,
          null,
          1,
          null,
          null
        ]
      },
      "/Users/rebecca/Projects/Makers/Week_6_Databases/Bookmark/Bookmark_Manager/lib/bookmark.rb": {
        "lines": [
          1,
          null,
          1,
          1,
          2,
          2,
          null,
          0,
          null,
          null,
          2,
          8,
          null,
          null
        ]
      },
      "/Users/rebecca/Projects/Makers/Week_6_Databases/Bookmark/Bookmark_Manager/spec/bookmark_spec.rb": {
        "lines": [
          null,
          1,
          1,
          1,
          1,
          null,
          1,
          1,
          1,
          null,
          1,
          null,
          1,
          1,
          1,
          null,
          null,
          null
        ]
      },
      "/Users/rebecca/Projects/Makers/Week_6_Databases/Bookmark/Bookmark_Manager/spec/features/test_setup_spec.rb": {
        "lines": [
          null,
          1,
          1,
          1,
          1,
          null,
          null
        ]
      },
      "/Users/rebecca/Projects/Makers/Week_6_Databases/Bookmark/Bookmark_Manager/spec/features/viewing_bookmarks_spec.rb": {
        "lines": [
          1,
          null,
          1,
          1,
          1,
          null,
          1,
          null,
          1,
          1,
          1,
          null,
          1,
          null,
          1,
          1,
          1,
          null,
          null
        ]
      }
    },
    "timestamp": 1635957008
  }
}
